<?xml version="1.0" encoding="UTF-8"?>
<!-- Generated by org.testng.reporters.JUnitXMLReporter -->
<testsuite hostname="nour" name="Tests" tests="72" failures="1" timestamp="29 Dec 2019 09:00:33 GMT" time="32.812" errors="0">
  <testcase name="@AfterMethod getResult" time="0.0" classname="Tests.EmailValid">
    <failure type="java.lang.NullPointerException">
      <![CDATA[java.lang.NullPointerException
	at Tests.TestBase.getResult(TestBase.java:127)
	at sun.reflect.NativeMethodAccessorImpl.invoke0(Native Method)
	at sun.reflect.NativeMethodAccessorImpl.invoke(Unknown Source)
	at sun.reflect.DelegatingMethodAccessorImpl.invoke(Unknown Source)
	at java.lang.reflect.Method.invoke(Unknown Source)
	at org.testng.internal.MethodInvocationHelper.invokeMethod(MethodInvocationHelper.java:80)
	at org.testng.internal.Invoker.invokeConfigurationMethod(Invoker.java:564)
	at org.testng.internal.Invoker.invokeConfigurations(Invoker.java:213)
	at org.testng.internal.Invoker.invokeMethod(Invoker.java:786)
	at org.testng.internal.Invoker.invokeTestMethod(Invoker.java:901)
	at org.testng.internal.Invoker.invokeTestMethods(Invoker.java:1231)
	at org.testng.internal.TestMethodWorker.invokeTestMethods(TestMethodWorker.java:127)
	at org.testng.internal.TestMethodWorker.run(TestMethodWorker.java:111)
	at org.testng.TestRunner.privateRun(TestRunner.java:767)
	at org.testng.TestRunner.run(TestRunner.java:617)
	at org.testng.SuiteRunner.runTest(SuiteRunner.java:334)
	at org.testng.SuiteRunner.runSequentially(SuiteRunner.java:329)
	at org.testng.SuiteRunner.privateRun(SuiteRunner.java:291)
	at org.testng.SuiteRunner.run(SuiteRunner.java:240)
	at org.testng.SuiteRunnerWorker.runSuite(SuiteRunnerWorker.java:52)
	at org.testng.SuiteRunnerWorker.run(SuiteRunnerWorker.java:86)
	at org.testng.TestNG.runSuitesSequentially(TestNG.java:1198)
	at org.testng.TestNG.runSuitesLocally(TestNG.java:1123)
	at org.testng.TestNG.run(TestNG.java:1031)
	at org.testng.remote.AbstractRemoteTestNG.run(AbstractRemoteTestNG.java:115)
	at org.testng.remote.RemoteTestNG.initAndRun(RemoteTestNG.java:251)
	at org.testng.remote.RemoteTestNG.main(RemoteTestNG.java:77)
]]>
    </failure>
  </testcase> <!-- @AfterMethod getResult -->
  <testcase name="@AfterMethod getResult" time="0.0" classname="Tests.LoginTest">
    <skipped/>
  </testcase> <!-- @AfterMethod getResult -->
  <testcase name="@AfterMethod getResult" time="0.0" classname="Tests.LoginTest">
    <skipped/>
  </testcase> <!-- @AfterMethod getResult -->
  <testcase name="@AfterMethod getResult" time="0.0" classname="Tests.LoginTest">
    <skipped/>
  </testcase> <!-- @AfterMethod getResult -->
  <testcase name="@AfterMethod getResult" time="0.0" classname="Tests.LoginTest">
    <skipped/>
  </testcase> <!-- @AfterMethod getResult -->
  <testcase name="@AfterMethod getResult" time="0.0" classname="Tests.LoginTest">
    <skipped/>
  </testcase> <!-- @AfterMethod getResult -->
  <testcase name="@AfterMethod getResult" time="0.0" classname="Tests.LoginTest">
    <skipped/>
  </testcase> <!-- @AfterMethod getResult -->
  <testcase name="@AfterMethod getResult" time="0.0" classname="Tests.RegisterTests">
    <skipped/>
  </testcase> <!-- @AfterMethod getResult -->
  <testcase name="@AfterMethod getResult" time="0.0" classname="Tests.RegisterTests">
    <skipped/>
  </testcase> <!-- @AfterMethod getResult -->
  <testcase name="@AfterMethod getResult" time="0.0" classname="Tests.RegisterTests">
    <skipped/>
  </testcase> <!-- @AfterMethod getResult -->
  <testcase name="@AfterMethod getResult" time="0.0" classname="Tests.RegisterTests">
    <skipped/>
  </testcase> <!-- @AfterMethod getResult -->
  <testcase name="@AfterMethod getResult" time="0.0" classname="Tests.RegisterTests">
    <skipped/>
  </testcase> <!-- @AfterMethod getResult -->
  <testcase name="@AfterMethod getResult" time="0.0" classname="Tests.RegisterTests">
    <skipped/>
  </testcase> <!-- @AfterMethod getResult -->
  <testcase name="@AfterMethod getResult" time="0.0" classname="Tests.RegisterTests">
    <skipped/>
  </testcase> <!-- @AfterMethod getResult -->
  <testcase name="@AfterMethod getResult" time="0.0" classname="Tests.RegisterTests">
    <skipped/>
  </testcase> <!-- @AfterMethod getResult -->
  <testcase name="@AfterMethod getResult" time="0.0" classname="Tests.RegisterTests">
    <skipped/>
  </testcase> <!-- @AfterMethod getResult -->
  <testcase name="@AfterMethod getResult" time="0.0" classname="Tests.RegisterTests">
    <skipped/>
  </testcase> <!-- @AfterMethod getResult -->
  <testcase name="@AfterMethod getResult" time="0.0" classname="Tests.RegisterTests">
    <skipped/>
  </testcase> <!-- @AfterMethod getResult -->
  <testcase name="@AfterMethod getResult" time="0.0" classname="Tests.RegisterTests">
    <skipped/>
  </testcase> <!-- @AfterMethod getResult -->
  <testcase name="@AfterMethod getResult" time="0.0" classname="Tests.RegisterTests">
    <skipped/>
  </testcase> <!-- @AfterMethod getResult -->
  <testcase name="@AfterMethod getResult" time="0.0" classname="Tests.RegisterTests">
    <skipped/>
  </testcase> <!-- @AfterMethod getResult -->
  <testcase name="@AfterMethod getResult" time="0.0" classname="Tests.RegisterTests">
    <skipped/>
  </testcase> <!-- @AfterMethod getResult -->
  <testcase name="@AfterMethod getResult" time="0.0" classname="Tests.RegisterTests">
    <skipped/>
  </testcase> <!-- @AfterMethod getResult -->
  <testcase name="@AfterMethod getResult" time="0.0" classname="Tests.RegisterTests">
    <skipped/>
  </testcase> <!-- @AfterMethod getResult -->
  <testcase name="@AfterMethod getResult" time="0.0" classname="Tests.RegisterTests">
    <skipped/>
  </testcase> <!-- @AfterMethod getResult -->
  <testcase name="@AfterMethod getResult" time="0.0" classname="Tests.RegisterTests">
    <skipped/>
  </testcase> <!-- @AfterMethod getResult -->
  <testcase name="@AfterMethod getResult" time="0.0" classname="Tests.RegisterTests">
    <skipped/>
  </testcase> <!-- @AfterMethod getResult -->
  <testcase name="@AfterMethod getResult" time="0.0" classname="Tests.RegisterTests">
    <skipped/>
  </testcase> <!-- @AfterMethod getResult -->
  <testcase name="@AfterMethod getResult" time="0.0" classname="Tests.RegisterTests">
    <skipped/>
  </testcase> <!-- @AfterMethod getResult -->
  <testcase name="@AfterMethod getResult" time="0.0" classname="Tests.RegisterTests">
    <skipped/>
  </testcase> <!-- @AfterMethod getResult -->
  <testcase name="@AfterMethod getResult" time="0.0" classname="Tests.RegisterTests">
    <skipped/>
  </testcase> <!-- @AfterMethod getResult -->
  <testcase name="@AfterMethod getResult" time="0.0" classname="Tests.RegisterTests">
    <skipped/>
  </testcase> <!-- @AfterMethod getResult -->
  <testcase name="@AfterMethod getResult" time="0.0" classname="Tests.RegisterTests">
    <skipped/>
  </testcase> <!-- @AfterMethod getResult -->
  <testcase name="@AfterMethod getResult" time="0.0" classname="Tests.RegisterTests">
    <skipped/>
  </testcase> <!-- @AfterMethod getResult -->
  <testcase name="@AfterMethod getResult" time="0.0" classname="Tests.RegisterTests">
    <skipped/>
  </testcase> <!-- @AfterMethod getResult -->
  <testcase name="@AfterMethod getResult" time="0.0" classname="Tests.RegisterTests">
    <skipped/>
  </testcase> <!-- @AfterMethod getResult -->
  <testcase name="@AfterMethod getResult" time="0.0" classname="Tests.RegisterTests">
    <skipped/>
  </testcase> <!-- @AfterMethod getResult -->
  <testcase name="@AfterMethod getResult" time="0.0" classname="Tests.RegisterTests">
    <skipped/>
  </testcase> <!-- @AfterMethod getResult -->
  <testcase name="@AfterMethod getResult" time="0.0" classname="Tests.RegisterTests">
    <skipped/>
  </testcase> <!-- @AfterMethod getResult -->
  <testcase name="@AfterMethod getResult" time="0.0" classname="Tests.RegisterTests">
    <skipped/>
  </testcase> <!-- @AfterMethod getResult -->
  <testcase name="@AfterMethod getResult" time="0.0" classname="Tests.RegisterTests">
    <skipped/>
  </testcase> <!-- @AfterMethod getResult -->
  <testcase name="@AfterMethod getResult" time="0.0" classname="Tests.RegisterTests">
    <skipped/>
  </testcase> <!-- @AfterMethod getResult -->
  <testcase name="@AfterMethod getResult" time="0.0" classname="Tests.RegisterTests">
    <skipped/>
  </testcase> <!-- @AfterMethod getResult -->
  <testcase name="@AfterMethod getResult" time="0.0" classname="Tests.RegisterTests">
    <skipped/>
  </testcase> <!-- @AfterMethod getResult -->
  <testcase name="@AfterMethod getResult" time="0.0" classname="Tests.RegisterTests">
    <skipped/>
  </testcase> <!-- @AfterMethod getResult -->
  <testcase name="@AfterMethod getResult" time="0.0" classname="Tests.RegisterTests">
    <skipped/>
  </testcase> <!-- @AfterMethod getResult -->
  <testcase name="@AfterMethod getResult" time="0.0" classname="Tests.RegisterTests">
    <skipped/>
  </testcase> <!-- @AfterMethod getResult -->
  <testcase name="@AfterMethod getResult" time="0.0" classname="Tests.RegisterTests">
    <skipped/>
  </testcase> <!-- @AfterMethod getResult -->
  <testcase name="@AfterMethod getResult" time="0.0" classname="Tests.RegisterTests">
    <skipped/>
  </testcase> <!-- @AfterMethod getResult -->
  <testcase name="@AfterMethod getResult" time="0.0" classname="Tests.RegisterTests">
    <skipped/>
  </testcase> <!-- @AfterMethod getResult -->
  <testcase name="@AfterMethod getResult" time="0.0" classname="Tests.RegisterTests">
    <skipped/>
  </testcase> <!-- @AfterMethod getResult -->
  <testcase name="@AfterMethod getResult" time="0.0" classname="Tests.RegisterTests">
    <skipped/>
  </testcase> <!-- @AfterMethod getResult -->
  <testcase name="@AfterMethod getResult" time="0.0" classname="Tests.RegisterTests">
    <skipped/>
  </testcase> <!-- @AfterMethod getResult -->
  <testcase name="@AfterMethod getResult" time="0.0" classname="Tests.RegisterTests">
    <skipped/>
  </testcase> <!-- @AfterMethod getResult -->
  <testcase name="@AfterMethod getResult" time="0.0" classname="Tests.RegisterTests">
    <skipped/>
  </testcase> <!-- @AfterMethod getResult -->
  <testcase name="@AfterMethod getResult" time="0.0" classname="Tests.RegisterTests">
    <skipped/>
  </testcase> <!-- @AfterMethod getResult -->
  <testcase name="@AfterMethod getResult" time="0.0" classname="Tests.RegisterTests">
    <skipped/>
  </testcase> <!-- @AfterMethod getResult -->
  <testcase name="@AfterMethod getResult" time="0.0" classname="Tests.RegisterTests">
    <skipped/>
  </testcase> <!-- @AfterMethod getResult -->
  <testcase name="@AfterMethod getResult" time="0.0" classname="Tests.RegisterTests">
    <skipped/>
  </testcase> <!-- @AfterMethod getResult -->
  <testcase name="@AfterMethod getResult" time="0.0" classname="Tests.RegisterTests">
    <skipped/>
  </testcase> <!-- @AfterMethod getResult -->
  <testcase name="@AfterMethod getResult" time="0.0" classname="Tests.RegisterTests">
    <skipped/>
  </testcase> <!-- @AfterMethod getResult -->
  <testcase name="@AfterMethod getResult" time="0.0" classname="Tests.RegisterTests">
    <skipped/>
  </testcase> <!-- @AfterMethod getResult -->
  <testcase name="@AfterMethod getResult" time="0.0" classname="Tests.RegisterTests">
    <skipped/>
  </testcase> <!-- @AfterMethod getResult -->
  <testcase name="@AfterMethod getResult" time="0.0" classname="Tests.RegisterTests">
    <skipped/>
  </testcase> <!-- @AfterMethod getResult -->
  <testcase name="@AfterMethod getResult" time="0.0" classname="Tests.RegisterTests">
    <skipped/>
  </testcase> <!-- @AfterMethod getResult -->
  <testcase name="@AfterMethod getResult" time="0.0" classname="Tests.RegisterTests">
    <skipped/>
  </testcase> <!-- @AfterMethod getResult -->
  <testcase name="@AfterMethod getResult" time="0.0" classname="Tests.RegisterTests">
    <skipped/>
  </testcase> <!-- @AfterMethod getResult -->
  <testcase name="@AfterMethod getResult" time="0.0" classname="Tests.RegisterTests">
    <skipped/>
  </testcase> <!-- @AfterMethod getResult -->
  <testcase name="@AfterMethod getResult" time="0.0" classname="Tests.RegisterTests">
    <skipped/>
  </testcase> <!-- @AfterMethod getResult -->
  <testcase name="@AfterMethod getResult" time="0.0" classname="Tests.RegisterTests">
    <skipped/>
  </testcase> <!-- @AfterMethod getResult -->
  <testcase name="@AfterMethod getResult" time="0.0" classname="Tests.RegisterTests">
    <skipped/>
  </testcase> <!-- @AfterMethod getResult -->
  <testcase name="@AfterMethod getResult" time="0.0" classname="Tests.RegisterTests">
    <skipped/>
  </testcase> <!-- @AfterMethod getResult -->
  <testcase name="@AfterTest end" time="0.0" classname="Tests.RegisterTests">
    <skipped/>
  </testcase> <!-- @AfterTest end -->
  <testcase name="EmailTest" time="0.009" classname="Tests.EmailValid">
    <failure type="java.lang.NullPointerException">
      <![CDATA[java.lang.NullPointerException
	at Tests.EmailValid.EmailTest(EmailValid.java:35)
	at sun.reflect.NativeMethodAccessorImpl.invoke0(Native Method)
	at sun.reflect.NativeMethodAccessorImpl.invoke(Unknown Source)
	at sun.reflect.DelegatingMethodAccessorImpl.invoke(Unknown Source)
	at java.lang.reflect.Method.invoke(Unknown Source)
	at org.testng.internal.MethodInvocationHelper.invokeMethod(MethodInvocationHelper.java:80)
	at org.testng.internal.Invoker.invokeMethod(Invoker.java:714)
	at org.testng.internal.Invoker.invokeTestMethod(Invoker.java:901)
	at org.testng.internal.Invoker.invokeTestMethods(Invoker.java:1231)
	at org.testng.internal.TestMethodWorker.invokeTestMethods(TestMethodWorker.java:127)
	at org.testng.internal.TestMethodWorker.run(TestMethodWorker.java:111)
	at org.testng.TestRunner.privateRun(TestRunner.java:767)
	at org.testng.TestRunner.run(TestRunner.java:617)
	at org.testng.SuiteRunner.runTest(SuiteRunner.java:334)
	at org.testng.SuiteRunner.runSequentially(SuiteRunner.java:329)
	at org.testng.SuiteRunner.privateRun(SuiteRunner.java:291)
	at org.testng.SuiteRunner.run(SuiteRunner.java:240)
	at org.testng.SuiteRunnerWorker.runSuite(SuiteRunnerWorker.java:52)
	at org.testng.SuiteRunnerWorker.run(SuiteRunnerWorker.java:86)
	at org.testng.TestNG.runSuitesSequentially(TestNG.java:1198)
	at org.testng.TestNG.runSuitesLocally(TestNG.java:1123)
	at org.testng.TestNG.run(TestNG.java:1031)
	at org.testng.remote.AbstractRemoteTestNG.run(AbstractRemoteTestNG.java:115)
	at org.testng.remote.RemoteTestNG.initAndRun(RemoteTestNG.java:251)
	at org.testng.remote.RemoteTestNG.main(RemoteTestNG.java:77)
]]>
    </failure>
  </testcase> <!-- EmailTest -->
  <testcase name="loginTest" time="0.002" classname="Tests.LoginTest">
    <skipped/>
  </testcase> <!-- loginTest -->
  <testcase name="loginTest" time="0.001" classname="Tests.LoginTest">
    <skipped/>
  </testcase> <!-- loginTest -->
  <testcase name="loginTest" time="0.001" classname="Tests.LoginTest">
    <skipped/>
  </testcase> <!-- loginTest -->
  <testcase name="loginTest" time="0.001" classname="Tests.LoginTest">
    <skipped/>
  </testcase> <!-- loginTest -->
  <testcase name="loginTest" time="0.004" classname="Tests.LoginTest">
    <skipped/>
  </testcase> <!-- loginTest -->
  <testcase name="loginTest" time="0.002" classname="Tests.LoginTest">
    <skipped/>
  </testcase> <!-- loginTest -->
  <testcase name="RegisterTest" time="0.001" classname="Tests.RegisterTests">
    <skipped/>
  </testcase> <!-- RegisterTest -->
  <testcase name="RegisterTest" time="0.0" classname="Tests.RegisterTests">
    <skipped/>
  </testcase> <!-- RegisterTest -->
  <testcase name="RegisterTest" time="0.001" classname="Tests.RegisterTests">
    <skipped/>
  </testcase> <!-- RegisterTest -->
  <testcase name="RegisterTest" time="0.002" classname="Tests.RegisterTests">
    <skipped/>
  </testcase> <!-- RegisterTest -->
  <testcase name="RegisterTest" time="0.002" classname="Tests.RegisterTests">
    <skipped/>
  </testcase> <!-- RegisterTest -->
  <testcase name="RegisterTest" time="0.001" classname="Tests.RegisterTests">
    <skipped/>
  </testcase> <!-- RegisterTest -->
  <testcase name="RegisterTest" time="0.001" classname="Tests.RegisterTests">
    <skipped/>
  </testcase> <!-- RegisterTest -->
  <testcase name="RegisterTest" time="0.001" classname="Tests.RegisterTests">
    <skipped/>
  </testcase> <!-- RegisterTest -->
  <testcase name="RegisterTest" time="0.001" classname="Tests.RegisterTests">
    <skipped/>
  </testcase> <!-- RegisterTest -->
  <testcase name="RegisterTest" time="0.002" classname="Tests.RegisterTests">
    <skipped/>
  </testcase> <!-- RegisterTest -->
  <testcase name="RegisterTest" time="0.001" classname="Tests.RegisterTests">
    <skipped/>
  </testcase> <!-- RegisterTest -->
  <testcase name="RegisterTest" time="0.0" classname="Tests.RegisterTests">
    <skipped/>
  </testcase> <!-- RegisterTest -->
  <testcase name="RegisterTest" time="0.001" classname="Tests.RegisterTests">
    <skipped/>
  </testcase> <!-- RegisterTest -->
  <testcase name="RegisterTest" time="0.001" classname="Tests.RegisterTests">
    <skipped/>
  </testcase> <!-- RegisterTest -->
  <testcase name="RegisterTest" time="0.002" classname="Tests.RegisterTests">
    <skipped/>
  </testcase> <!-- RegisterTest -->
  <testcase name="RegisterTest" time="0.001" classname="Tests.RegisterTests">
    <skipped/>
  </testcase> <!-- RegisterTest -->
  <testcase name="RegisterTest" time="0.002" classname="Tests.RegisterTests">
    <skipped/>
  </testcase> <!-- RegisterTest -->
  <testcase name="RegisterTest" time="0.001" classname="Tests.RegisterTests">
    <skipped/>
  </testcase> <!-- RegisterTest -->
  <testcase name="RegisterTest" time="0.001" classname="Tests.RegisterTests">
    <skipped/>
  </testcase> <!-- RegisterTest -->
  <testcase name="RegisterTest" time="0.0" classname="Tests.RegisterTests">
    <skipped/>
  </testcase> <!-- RegisterTest -->
  <testcase name="RegisterTest" time="0.001" classname="Tests.RegisterTests">
    <skipped/>
  </testcase> <!-- RegisterTest -->
  <testcase name="RegisterTest" time="0.001" classname="Tests.RegisterTests">
    <skipped/>
  </testcase> <!-- RegisterTest -->
  <testcase name="RegisterTest" time="0.001" classname="Tests.RegisterTests">
    <skipped/>
  </testcase> <!-- RegisterTest -->
  <testcase name="RegisterTest" time="0.001" classname="Tests.RegisterTests">
    <skipped/>
  </testcase> <!-- RegisterTest -->
  <testcase name="RegisterTest" time="0.001" classname="Tests.RegisterTests">
    <skipped/>
  </testcase> <!-- RegisterTest -->
  <testcase name="RegisterTest" time="0.001" classname="Tests.RegisterTests">
    <skipped/>
  </testcase> <!-- RegisterTest -->
  <testcase name="RegisterTest" time="0.0" classname="Tests.RegisterTests">
    <skipped/>
  </testcase> <!-- RegisterTest -->
  <testcase name="RegisterTest" time="0.004" classname="Tests.RegisterTests">
    <skipped/>
  </testcase> <!-- RegisterTest -->
  <testcase name="RegisterTest" time="0.001" classname="Tests.RegisterTests">
    <skipped/>
  </testcase> <!-- RegisterTest -->
  <testcase name="RegisterTest" time="0.001" classname="Tests.RegisterTests">
    <skipped/>
  </testcase> <!-- RegisterTest -->
  <testcase name="RegisterTest" time="0.002" classname="Tests.RegisterTests">
    <skipped/>
  </testcase> <!-- RegisterTest -->
  <testcase name="RegisterTest" time="0.001" classname="Tests.RegisterTests">
    <skipped/>
  </testcase> <!-- RegisterTest -->
  <testcase name="RegisterTest" time="0.001" classname="Tests.RegisterTests">
    <skipped/>
  </testcase> <!-- RegisterTest -->
  <testcase name="RegisterTest" time="0.0" classname="Tests.RegisterTests">
    <skipped/>
  </testcase> <!-- RegisterTest -->
  <testcase name="RegisterTest" time="0.0" classname="Tests.RegisterTests">
    <skipped/>
  </testcase> <!-- RegisterTest -->
  <testcase name="RegisterTest" time="0.001" classname="Tests.RegisterTests">
    <skipped/>
  </testcase> <!-- RegisterTest -->
  <testcase name="RegisterTest" time="0.001" classname="Tests.RegisterTests">
    <skipped/>
  </testcase> <!-- RegisterTest -->
  <testcase name="RegisterTest" time="0.0" classname="Tests.RegisterTests">
    <skipped/>
  </testcase> <!-- RegisterTest -->
  <testcase name="RegisterTest" time="0.001" classname="Tests.RegisterTests">
    <skipped/>
  </testcase> <!-- RegisterTest -->
  <testcase name="RegisterTest" time="0.001" classname="Tests.RegisterTests">
    <skipped/>
  </testcase> <!-- RegisterTest -->
  <testcase name="RegisterTest" time="0.0" classname="Tests.RegisterTests">
    <skipped/>
  </testcase> <!-- RegisterTest -->
  <testcase name="RegisterTest" time="0.0" classname="Tests.RegisterTests">
    <skipped/>
  </testcase> <!-- RegisterTest -->
  <testcase name="RegisterTest" time="0.001" classname="Tests.RegisterTests">
    <skipped/>
  </testcase> <!-- RegisterTest -->
  <testcase name="RegisterTest" time="0.001" classname="Tests.RegisterTests">
    <skipped/>
  </testcase> <!-- RegisterTest -->
  <testcase name="RegisterTest" time="0.0" classname="Tests.RegisterTests">
    <skipped/>
  </testcase> <!-- RegisterTest -->
  <testcase name="RegisterTest" time="0.0" classname="Tests.RegisterTests">
    <skipped/>
  </testcase> <!-- RegisterTest -->
  <testcase name="RegisterTest" time="0.0" classname="Tests.RegisterTests">
    <skipped/>
  </testcase> <!-- RegisterTest -->
  <testcase name="RegisterTest" time="0.001" classname="Tests.RegisterTests">
    <skipped/>
  </testcase> <!-- RegisterTest -->
  <testcase name="RegisterTest" time="0.0" classname="Tests.RegisterTests">
    <skipped/>
  </testcase> <!-- RegisterTest -->
  <testcase name="RegisterTest" time="0.001" classname="Tests.RegisterTests">
    <skipped/>
  </testcase> <!-- RegisterTest -->
  <testcase name="RegisterTest" time="0.0" classname="Tests.RegisterTests">
    <skipped/>
  </testcase> <!-- RegisterTest -->
  <testcase name="RegisterTest" time="0.0" classname="Tests.RegisterTests">
    <skipped/>
  </testcase> <!-- RegisterTest -->
  <testcase name="RegisterTest" time="0.001" classname="Tests.RegisterTests">
    <skipped/>
  </testcase> <!-- RegisterTest -->
  <testcase name="RegisterTest" time="0.001" classname="Tests.RegisterTests">
    <skipped/>
  </testcase> <!-- RegisterTest -->
  <testcase name="RegisterTest" time="0.0" classname="Tests.RegisterTests">
    <skipped/>
  </testcase> <!-- RegisterTest -->
  <testcase name="RegisterTest" time="0.0" classname="Tests.RegisterTests">
    <skipped/>
  </testcase> <!-- RegisterTest -->
  <testcase name="RegisterTest" time="0.001" classname="Tests.RegisterTests">
    <skipped/>
  </testcase> <!-- RegisterTest -->
  <testcase name="RegisterTest" time="0.001" classname="Tests.RegisterTests">
    <skipped/>
  </testcase> <!-- RegisterTest -->
  <testcase name="RegisterTest" time="0.0" classname="Tests.RegisterTests">
    <skipped/>
  </testcase> <!-- RegisterTest -->
  <testcase name="RegisterTest" time="0.009" classname="Tests.RegisterTests">
    <skipped/>
  </testcase> <!-- RegisterTest -->
  <testcase name="RegisterTest" time="0.006" classname="Tests.RegisterTests">
    <skipped/>
  </testcase> <!-- RegisterTest -->
  <testcase name="RegisterTest" time="0.0" classname="Tests.RegisterTests">
    <skipped/>
  </testcase> <!-- RegisterTest -->
  <testcase name="RegisterTest" time="0.0" classname="Tests.RegisterTests">
    <skipped/>
  </testcase> <!-- RegisterTest -->
  <testcase name="RegisterTest" time="0.001" classname="Tests.RegisterTests">
    <skipped/>
  </testcase> <!-- RegisterTest -->
  <testcase name="RegisterTest" time="0.001" classname="Tests.RegisterTests">
    <skipped/>
  </testcase> <!-- RegisterTest -->
</testsuite> <!-- Tests -->
