<?xml version="1.0" encoding="UTF-8"?>
<!-- Generated by org.testng.reporters.JUnitXMLReporter -->
<testsuite hostname="nour" name="order" tests="72" failures="1" timestamp="29 Dec 2019 02:24:32 GMT" time="0.869" errors="0">
  <testcase name="@AfterMethod getResult" time="0.0" classname="Tests.EmailValid">
    <failure type="java.lang.NullPointerException">
      <![CDATA[java.lang.NullPointerException
	at Tests.TestBase.getResult(TestBase.java:125)
... Removed 26 stack frames]]>
    </failure>
  </testcase> <!-- @AfterMethod getResult -->
  <testcase name="@AfterMethod getResult" time="0.0" classname="Tests.LoginTest">
    <skipped/>
  </testcase> <!-- @AfterMethod getResult -->
  <testcase name="@AfterMethod getResult" time="0.0" classname="Tests.LoginTest">
    <skipped/>
  </testcase> <!-- @AfterMethod getResult -->
  <testcase name="@AfterMethod getResult" time="0.0" classname="Tests.LoginTest">
    <skipped/>
  </testcase> <!-- @AfterMethod getResult -->
  <testcase name="@AfterMethod getResult" time="0.0" classname="Tests.LoginTest">
    <skipped/>
  </testcase> <!-- @AfterMethod getResult -->
  <testcase name="@AfterMethod getResult" time="0.0" classname="Tests.LoginTest">
    <skipped/>
  </testcase> <!-- @AfterMethod getResult -->
  <testcase name="@AfterMethod getResult" time="0.0" classname="Tests.LoginTest">
    <skipped/>
  </testcase> <!-- @AfterMethod getResult -->
  <testcase name="@AfterMethod getResult" time="0.0" classname="Tests.registerTests">
    <skipped/>
  </testcase> <!-- @AfterMethod getResult -->
  <testcase name="@AfterMethod getResult" time="0.0" classname="Tests.registerTests">
    <skipped/>
  </testcase> <!-- @AfterMethod getResult -->
  <testcase name="@AfterMethod getResult" time="0.0" classname="Tests.registerTests">
    <skipped/>
  </testcase> <!-- @AfterMethod getResult -->
  <testcase name="@AfterMethod getResult" time="0.0" classname="Tests.registerTests">
    <skipped/>
  </testcase> <!-- @AfterMethod getResult -->
  <testcase name="@AfterMethod getResult" time="0.0" classname="Tests.registerTests">
    <skipped/>
  </testcase> <!-- @AfterMethod getResult -->
  <testcase name="@AfterMethod getResult" time="0.0" classname="Tests.registerTests">
    <skipped/>
  </testcase> <!-- @AfterMethod getResult -->
  <testcase name="@AfterMethod getResult" time="0.0" classname="Tests.registerTests">
    <skipped/>
  </testcase> <!-- @AfterMethod getResult -->
  <testcase name="@AfterMethod getResult" time="0.0" classname="Tests.registerTests">
    <skipped/>
  </testcase> <!-- @AfterMethod getResult -->
  <testcase name="@AfterMethod getResult" time="0.0" classname="Tests.registerTests">
    <skipped/>
  </testcase> <!-- @AfterMethod getResult -->
  <testcase name="@AfterMethod getResult" time="0.0" classname="Tests.registerTests">
    <skipped/>
  </testcase> <!-- @AfterMethod getResult -->
  <testcase name="@AfterMethod getResult" time="0.0" classname="Tests.registerTests">
    <skipped/>
  </testcase> <!-- @AfterMethod getResult -->
  <testcase name="@AfterMethod getResult" time="0.0" classname="Tests.registerTests">
    <skipped/>
  </testcase> <!-- @AfterMethod getResult -->
  <testcase name="@AfterMethod getResult" time="0.0" classname="Tests.registerTests">
    <skipped/>
  </testcase> <!-- @AfterMethod getResult -->
  <testcase name="@AfterMethod getResult" time="0.0" classname="Tests.registerTests">
    <skipped/>
  </testcase> <!-- @AfterMethod getResult -->
  <testcase name="@AfterMethod getResult" time="0.0" classname="Tests.registerTests">
    <skipped/>
  </testcase> <!-- @AfterMethod getResult -->
  <testcase name="@AfterMethod getResult" time="0.0" classname="Tests.registerTests">
    <skipped/>
  </testcase> <!-- @AfterMethod getResult -->
  <testcase name="@AfterMethod getResult" time="0.0" classname="Tests.registerTests">
    <skipped/>
  </testcase> <!-- @AfterMethod getResult -->
  <testcase name="@AfterMethod getResult" time="0.0" classname="Tests.registerTests">
    <skipped/>
  </testcase> <!-- @AfterMethod getResult -->
  <testcase name="@AfterMethod getResult" time="0.0" classname="Tests.registerTests">
    <skipped/>
  </testcase> <!-- @AfterMethod getResult -->
  <testcase name="@AfterMethod getResult" time="0.0" classname="Tests.registerTests">
    <skipped/>
  </testcase> <!-- @AfterMethod getResult -->
  <testcase name="@AfterMethod getResult" time="0.0" classname="Tests.registerTests">
    <skipped/>
  </testcase> <!-- @AfterMethod getResult -->
  <testcase name="@AfterMethod getResult" time="0.0" classname="Tests.registerTests">
    <skipped/>
  </testcase> <!-- @AfterMethod getResult -->
  <testcase name="@AfterMethod getResult" time="0.0" classname="Tests.registerTests">
    <skipped/>
  </testcase> <!-- @AfterMethod getResult -->
  <testcase name="@AfterMethod getResult" time="0.0" classname="Tests.registerTests">
    <skipped/>
  </testcase> <!-- @AfterMethod getResult -->
  <testcase name="@AfterMethod getResult" time="0.0" classname="Tests.registerTests">
    <skipped/>
  </testcase> <!-- @AfterMethod getResult -->
  <testcase name="@AfterMethod getResult" time="0.0" classname="Tests.registerTests">
    <skipped/>
  </testcase> <!-- @AfterMethod getResult -->
  <testcase name="@AfterMethod getResult" time="0.0" classname="Tests.registerTests">
    <skipped/>
  </testcase> <!-- @AfterMethod getResult -->
  <testcase name="@AfterMethod getResult" time="0.0" classname="Tests.registerTests">
    <skipped/>
  </testcase> <!-- @AfterMethod getResult -->
  <testcase name="@AfterMethod getResult" time="0.0" classname="Tests.registerTests">
    <skipped/>
  </testcase> <!-- @AfterMethod getResult -->
  <testcase name="@AfterMethod getResult" time="0.0" classname="Tests.registerTests">
    <skipped/>
  </testcase> <!-- @AfterMethod getResult -->
  <testcase name="@AfterMethod getResult" time="0.0" classname="Tests.registerTests">
    <skipped/>
  </testcase> <!-- @AfterMethod getResult -->
  <testcase name="@AfterMethod getResult" time="0.0" classname="Tests.registerTests">
    <skipped/>
  </testcase> <!-- @AfterMethod getResult -->
  <testcase name="@AfterMethod getResult" time="0.0" classname="Tests.registerTests">
    <skipped/>
  </testcase> <!-- @AfterMethod getResult -->
  <testcase name="@AfterMethod getResult" time="0.0" classname="Tests.registerTests">
    <skipped/>
  </testcase> <!-- @AfterMethod getResult -->
  <testcase name="@AfterMethod getResult" time="0.0" classname="Tests.registerTests">
    <skipped/>
  </testcase> <!-- @AfterMethod getResult -->
  <testcase name="@AfterMethod getResult" time="0.0" classname="Tests.registerTests">
    <skipped/>
  </testcase> <!-- @AfterMethod getResult -->
  <testcase name="@AfterMethod getResult" time="0.0" classname="Tests.registerTests">
    <skipped/>
  </testcase> <!-- @AfterMethod getResult -->
  <testcase name="@AfterMethod getResult" time="0.0" classname="Tests.registerTests">
    <skipped/>
  </testcase> <!-- @AfterMethod getResult -->
  <testcase name="@AfterMethod getResult" time="0.0" classname="Tests.registerTests">
    <skipped/>
  </testcase> <!-- @AfterMethod getResult -->
  <testcase name="@AfterMethod getResult" time="0.0" classname="Tests.registerTests">
    <skipped/>
  </testcase> <!-- @AfterMethod getResult -->
  <testcase name="@AfterMethod getResult" time="0.0" classname="Tests.registerTests">
    <skipped/>
  </testcase> <!-- @AfterMethod getResult -->
  <testcase name="@AfterMethod getResult" time="0.0" classname="Tests.registerTests">
    <skipped/>
  </testcase> <!-- @AfterMethod getResult -->
  <testcase name="@AfterMethod getResult" time="0.0" classname="Tests.registerTests">
    <skipped/>
  </testcase> <!-- @AfterMethod getResult -->
  <testcase name="@AfterMethod getResult" time="0.0" classname="Tests.registerTests">
    <skipped/>
  </testcase> <!-- @AfterMethod getResult -->
  <testcase name="@AfterMethod getResult" time="0.0" classname="Tests.registerTests">
    <skipped/>
  </testcase> <!-- @AfterMethod getResult -->
  <testcase name="@AfterMethod getResult" time="0.0" classname="Tests.registerTests">
    <skipped/>
  </testcase> <!-- @AfterMethod getResult -->
  <testcase name="@AfterMethod getResult" time="0.0" classname="Tests.registerTests">
    <skipped/>
  </testcase> <!-- @AfterMethod getResult -->
  <testcase name="@AfterMethod getResult" time="0.0" classname="Tests.registerTests">
    <skipped/>
  </testcase> <!-- @AfterMethod getResult -->
  <testcase name="@AfterMethod getResult" time="0.0" classname="Tests.registerTests">
    <skipped/>
  </testcase> <!-- @AfterMethod getResult -->
  <testcase name="@AfterMethod getResult" time="0.0" classname="Tests.registerTests">
    <skipped/>
  </testcase> <!-- @AfterMethod getResult -->
  <testcase name="@AfterMethod getResult" time="0.0" classname="Tests.registerTests">
    <skipped/>
  </testcase> <!-- @AfterMethod getResult -->
  <testcase name="@AfterMethod getResult" time="0.0" classname="Tests.registerTests">
    <skipped/>
  </testcase> <!-- @AfterMethod getResult -->
  <testcase name="@AfterMethod getResult" time="0.0" classname="Tests.registerTests">
    <skipped/>
  </testcase> <!-- @AfterMethod getResult -->
  <testcase name="@AfterMethod getResult" time="0.0" classname="Tests.registerTests">
    <skipped/>
  </testcase> <!-- @AfterMethod getResult -->
  <testcase name="@AfterMethod getResult" time="0.0" classname="Tests.registerTests">
    <skipped/>
  </testcase> <!-- @AfterMethod getResult -->
  <testcase name="@AfterMethod getResult" time="0.0" classname="Tests.registerTests">
    <skipped/>
  </testcase> <!-- @AfterMethod getResult -->
  <testcase name="@AfterMethod getResult" time="0.0" classname="Tests.registerTests">
    <skipped/>
  </testcase> <!-- @AfterMethod getResult -->
  <testcase name="@AfterMethod getResult" time="0.0" classname="Tests.registerTests">
    <skipped/>
  </testcase> <!-- @AfterMethod getResult -->
  <testcase name="@AfterMethod getResult" time="0.0" classname="Tests.registerTests">
    <skipped/>
  </testcase> <!-- @AfterMethod getResult -->
  <testcase name="@AfterMethod getResult" time="0.0" classname="Tests.registerTests">
    <skipped/>
  </testcase> <!-- @AfterMethod getResult -->
  <testcase name="@AfterMethod getResult" time="0.0" classname="Tests.registerTests">
    <skipped/>
  </testcase> <!-- @AfterMethod getResult -->
  <testcase name="@AfterMethod getResult" time="0.0" classname="Tests.registerTests">
    <skipped/>
  </testcase> <!-- @AfterMethod getResult -->
  <testcase name="@AfterMethod getResult" time="0.0" classname="Tests.registerTests">
    <skipped/>
  </testcase> <!-- @AfterMethod getResult -->
  <testcase name="@AfterMethod getResult" time="0.0" classname="Tests.registerTests">
    <skipped/>
  </testcase> <!-- @AfterMethod getResult -->
  <testcase name="@AfterMethod getResult" time="0.0" classname="Tests.registerTests">
    <skipped/>
  </testcase> <!-- @AfterMethod getResult -->
  <testcase name="@AfterTest end" time="0.0" classname="Tests.registerTests">
    <skipped/>
  </testcase> <!-- @AfterTest end -->
  <testcase name="EmailTest" time="0.08" classname="Tests.EmailValid">
    <failure type="java.lang.NullPointerException">
      <![CDATA[java.lang.NullPointerException
	at Tests.EmailValid.EmailTest(EmailValid.java:32)
... Removed 24 stack frames]]>
    </failure>
  </testcase> <!-- EmailTest -->
  <testcase name="loginTest" time="0.003" classname="Tests.LoginTest">
    <skipped/>
  </testcase> <!-- loginTest -->
  <testcase name="loginTest" time="0.003" classname="Tests.LoginTest">
    <skipped/>
  </testcase> <!-- loginTest -->
  <testcase name="loginTest" time="0.001" classname="Tests.LoginTest">
    <skipped/>
  </testcase> <!-- loginTest -->
  <testcase name="loginTest" time="0.002" classname="Tests.LoginTest">
    <skipped/>
  </testcase> <!-- loginTest -->
  <testcase name="loginTest" time="0.007" classname="Tests.LoginTest">
    <skipped/>
  </testcase> <!-- loginTest -->
  <testcase name="loginTest" time="0.001" classname="Tests.LoginTest">
    <skipped/>
  </testcase> <!-- loginTest -->
  <testcase name="RegisterTest" time="0.001" classname="Tests.registerTests">
    <skipped/>
  </testcase> <!-- RegisterTest -->
  <testcase name="RegisterTest" time="0.002" classname="Tests.registerTests">
    <skipped/>
  </testcase> <!-- RegisterTest -->
  <testcase name="RegisterTest" time="0.002" classname="Tests.registerTests">
    <skipped/>
  </testcase> <!-- RegisterTest -->
  <testcase name="RegisterTest" time="0.002" classname="Tests.registerTests">
    <skipped/>
  </testcase> <!-- RegisterTest -->
  <testcase name="RegisterTest" time="0.001" classname="Tests.registerTests">
    <skipped/>
  </testcase> <!-- RegisterTest -->
  <testcase name="RegisterTest" time="0.001" classname="Tests.registerTests">
    <skipped/>
  </testcase> <!-- RegisterTest -->
  <testcase name="RegisterTest" time="0.002" classname="Tests.registerTests">
    <skipped/>
  </testcase> <!-- RegisterTest -->
  <testcase name="RegisterTest" time="0.001" classname="Tests.registerTests">
    <skipped/>
  </testcase> <!-- RegisterTest -->
  <testcase name="RegisterTest" time="0.0" classname="Tests.registerTests">
    <skipped/>
  </testcase> <!-- RegisterTest -->
  <testcase name="RegisterTest" time="0.001" classname="Tests.registerTests">
    <skipped/>
  </testcase> <!-- RegisterTest -->
  <testcase name="RegisterTest" time="0.0" classname="Tests.registerTests">
    <skipped/>
  </testcase> <!-- RegisterTest -->
  <testcase name="RegisterTest" time="0.001" classname="Tests.registerTests">
    <skipped/>
  </testcase> <!-- RegisterTest -->
  <testcase name="RegisterTest" time="0.0" classname="Tests.registerTests">
    <skipped/>
  </testcase> <!-- RegisterTest -->
  <testcase name="RegisterTest" time="0.001" classname="Tests.registerTests">
    <skipped/>
  </testcase> <!-- RegisterTest -->
  <testcase name="RegisterTest" time="0.0" classname="Tests.registerTests">
    <skipped/>
  </testcase> <!-- RegisterTest -->
  <testcase name="RegisterTest" time="0.001" classname="Tests.registerTests">
    <skipped/>
  </testcase> <!-- RegisterTest -->
  <testcase name="RegisterTest" time="0.001" classname="Tests.registerTests">
    <skipped/>
  </testcase> <!-- RegisterTest -->
  <testcase name="RegisterTest" time="0.0" classname="Tests.registerTests">
    <skipped/>
  </testcase> <!-- RegisterTest -->
  <testcase name="RegisterTest" time="0.0" classname="Tests.registerTests">
    <skipped/>
  </testcase> <!-- RegisterTest -->
  <testcase name="RegisterTest" time="0.001" classname="Tests.registerTests">
    <skipped/>
  </testcase> <!-- RegisterTest -->
  <testcase name="RegisterTest" time="0.0" classname="Tests.registerTests">
    <skipped/>
  </testcase> <!-- RegisterTest -->
  <testcase name="RegisterTest" time="0.001" classname="Tests.registerTests">
    <skipped/>
  </testcase> <!-- RegisterTest -->
  <testcase name="RegisterTest" time="0.001" classname="Tests.registerTests">
    <skipped/>
  </testcase> <!-- RegisterTest -->
  <testcase name="RegisterTest" time="0.001" classname="Tests.registerTests">
    <skipped/>
  </testcase> <!-- RegisterTest -->
  <testcase name="RegisterTest" time="0.0" classname="Tests.registerTests">
    <skipped/>
  </testcase> <!-- RegisterTest -->
  <testcase name="RegisterTest" time="0.001" classname="Tests.registerTests">
    <skipped/>
  </testcase> <!-- RegisterTest -->
  <testcase name="RegisterTest" time="0.0" classname="Tests.registerTests">
    <skipped/>
  </testcase> <!-- RegisterTest -->
  <testcase name="RegisterTest" time="0.0" classname="Tests.registerTests">
    <skipped/>
  </testcase> <!-- RegisterTest -->
  <testcase name="RegisterTest" time="0.001" classname="Tests.registerTests">
    <skipped/>
  </testcase> <!-- RegisterTest -->
  <testcase name="RegisterTest" time="0.001" classname="Tests.registerTests">
    <skipped/>
  </testcase> <!-- RegisterTest -->
  <testcase name="RegisterTest" time="0.0" classname="Tests.registerTests">
    <skipped/>
  </testcase> <!-- RegisterTest -->
  <testcase name="RegisterTest" time="0.001" classname="Tests.registerTests">
    <skipped/>
  </testcase> <!-- RegisterTest -->
  <testcase name="RegisterTest" time="0.001" classname="Tests.registerTests">
    <skipped/>
  </testcase> <!-- RegisterTest -->
  <testcase name="RegisterTest" time="0.001" classname="Tests.registerTests">
    <skipped/>
  </testcase> <!-- RegisterTest -->
  <testcase name="RegisterTest" time="0.0" classname="Tests.registerTests">
    <skipped/>
  </testcase> <!-- RegisterTest -->
  <testcase name="RegisterTest" time="0.001" classname="Tests.registerTests">
    <skipped/>
  </testcase> <!-- RegisterTest -->
  <testcase name="RegisterTest" time="0.0" classname="Tests.registerTests">
    <skipped/>
  </testcase> <!-- RegisterTest -->
  <testcase name="RegisterTest" time="0.002" classname="Tests.registerTests">
    <skipped/>
  </testcase> <!-- RegisterTest -->
  <testcase name="RegisterTest" time="0.0" classname="Tests.registerTests">
    <skipped/>
  </testcase> <!-- RegisterTest -->
  <testcase name="RegisterTest" time="0.001" classname="Tests.registerTests">
    <skipped/>
  </testcase> <!-- RegisterTest -->
  <testcase name="RegisterTest" time="0.001" classname="Tests.registerTests">
    <skipped/>
  </testcase> <!-- RegisterTest -->
  <testcase name="RegisterTest" time="0.001" classname="Tests.registerTests">
    <skipped/>
  </testcase> <!-- RegisterTest -->
  <testcase name="RegisterTest" time="0.001" classname="Tests.registerTests">
    <skipped/>
  </testcase> <!-- RegisterTest -->
  <testcase name="RegisterTest" time="0.001" classname="Tests.registerTests">
    <skipped/>
  </testcase> <!-- RegisterTest -->
  <testcase name="RegisterTest" time="0.005" classname="Tests.registerTests">
    <skipped/>
  </testcase> <!-- RegisterTest -->
  <testcase name="RegisterTest" time="0.001" classname="Tests.registerTests">
    <skipped/>
  </testcase> <!-- RegisterTest -->
  <testcase name="RegisterTest" time="0.0" classname="Tests.registerTests">
    <skipped/>
  </testcase> <!-- RegisterTest -->
  <testcase name="RegisterTest" time="0.0" classname="Tests.registerTests">
    <skipped/>
  </testcase> <!-- RegisterTest -->
  <testcase name="RegisterTest" time="0.001" classname="Tests.registerTests">
    <skipped/>
  </testcase> <!-- RegisterTest -->
  <testcase name="RegisterTest" time="0.001" classname="Tests.registerTests">
    <skipped/>
  </testcase> <!-- RegisterTest -->
  <testcase name="RegisterTest" time="0.002" classname="Tests.registerTests">
    <skipped/>
  </testcase> <!-- RegisterTest -->
  <testcase name="RegisterTest" time="0.001" classname="Tests.registerTests">
    <skipped/>
  </testcase> <!-- RegisterTest -->
  <testcase name="RegisterTest" time="0.003" classname="Tests.registerTests">
    <skipped/>
  </testcase> <!-- RegisterTest -->
  <testcase name="RegisterTest" time="0.001" classname="Tests.registerTests">
    <skipped/>
  </testcase> <!-- RegisterTest -->
  <testcase name="RegisterTest" time="0.001" classname="Tests.registerTests">
    <skipped/>
  </testcase> <!-- RegisterTest -->
  <testcase name="RegisterTest" time="0.002" classname="Tests.registerTests">
    <skipped/>
  </testcase> <!-- RegisterTest -->
  <testcase name="RegisterTest" time="0.001" classname="Tests.registerTests">
    <skipped/>
  </testcase> <!-- RegisterTest -->
  <testcase name="RegisterTest" time="0.001" classname="Tests.registerTests">
    <skipped/>
  </testcase> <!-- RegisterTest -->
  <testcase name="RegisterTest" time="0.001" classname="Tests.registerTests">
    <skipped/>
  </testcase> <!-- RegisterTest -->
  <testcase name="RegisterTest" time="0.003" classname="Tests.registerTests">
    <skipped/>
  </testcase> <!-- RegisterTest -->
  <testcase name="RegisterTest" time="0.006" classname="Tests.registerTests">
    <skipped/>
  </testcase> <!-- RegisterTest -->
  <testcase name="RegisterTest" time="0.0" classname="Tests.registerTests">
    <skipped/>
  </testcase> <!-- RegisterTest -->
  <testcase name="RegisterTest" time="0.001" classname="Tests.registerTests">
    <skipped/>
  </testcase> <!-- RegisterTest -->
  <testcase name="RegisterTest" time="0.001" classname="Tests.registerTests">
    <skipped/>
  </testcase> <!-- RegisterTest -->
  <testcase name="RegisterTest" time="0.001" classname="Tests.registerTests">
    <skipped/>
  </testcase> <!-- RegisterTest -->
</testsuite> <!-- order -->
