<?xml version="1.0" encoding="UTF-8"?>
<!-- Generated by org.testng.reporters.JUnitXMLReporter -->
<testsuite hostname="nour" name="PhpTravel" tests="72" failures="2" timestamp="29 Dec 2019 08:55:18 GMT" time="11.868" errors="0">
  <testcase name="@AfterMethod getResult" time="0.0" classname="Tests.EmailValid">
    <failure type="java.lang.NullPointerException">
      <![CDATA[java.lang.NullPointerException
	at Tests.TestBase.getResult(TestBase.java:130)
	at java.util.concurrent.ThreadPoolExecutor.runWorker(Unknown Source)
	at java.util.concurrent.ThreadPoolExecutor$Worker.run(Unknown Source)
	at java.lang.Thread.run(Unknown Source)
... Removed 12 stack frames]]>
    </failure>
  </testcase> <!-- @AfterMethod getResult -->
  <testcase name="@AfterMethod getResult" time="0.0" classname="Tests.RegisterTests">
    <failure type="java.lang.NullPointerException">
      <![CDATA[java.lang.NullPointerException
	at Tests.TestBase.getResult(TestBase.java:130)
	at java.util.concurrent.ThreadPoolExecutor.runWorker(Unknown Source)
	at java.util.concurrent.ThreadPoolExecutor$Worker.run(Unknown Source)
	at java.lang.Thread.run(Unknown Source)
... Removed 12 stack frames]]>
    </failure>
  </testcase> <!-- @AfterMethod getResult -->
  <testcase name="@AfterMethod getResult" time="0.0" classname="Tests.RegisterTests">
    <skipped/>
  </testcase> <!-- @AfterMethod getResult -->
  <testcase name="@AfterMethod getResult" time="0.0" classname="Tests.RegisterTests">
    <skipped/>
  </testcase> <!-- @AfterMethod getResult -->
  <testcase name="@AfterMethod getResult" time="0.0" classname="Tests.RegisterTests">
    <skipped/>
  </testcase> <!-- @AfterMethod getResult -->
  <testcase name="@AfterMethod getResult" time="0.0" classname="Tests.RegisterTests">
    <skipped/>
  </testcase> <!-- @AfterMethod getResult -->
  <testcase name="@AfterMethod getResult" time="0.0" classname="Tests.RegisterTests">
    <skipped/>
  </testcase> <!-- @AfterMethod getResult -->
  <testcase name="@AfterMethod getResult" time="0.0" classname="Tests.RegisterTests">
    <skipped/>
  </testcase> <!-- @AfterMethod getResult -->
  <testcase name="@AfterMethod getResult" time="0.0" classname="Tests.RegisterTests">
    <skipped/>
  </testcase> <!-- @AfterMethod getResult -->
  <testcase name="@AfterMethod getResult" time="0.0" classname="Tests.RegisterTests">
    <skipped/>
  </testcase> <!-- @AfterMethod getResult -->
  <testcase name="@AfterMethod getResult" time="0.0" classname="Tests.RegisterTests">
    <skipped/>
  </testcase> <!-- @AfterMethod getResult -->
  <testcase name="@AfterMethod getResult" time="0.0" classname="Tests.RegisterTests">
    <skipped/>
  </testcase> <!-- @AfterMethod getResult -->
  <testcase name="@AfterMethod getResult" time="0.0" classname="Tests.RegisterTests">
    <skipped/>
  </testcase> <!-- @AfterMethod getResult -->
  <testcase name="@AfterMethod getResult" time="0.0" classname="Tests.RegisterTests">
    <skipped/>
  </testcase> <!-- @AfterMethod getResult -->
  <testcase name="@AfterMethod getResult" time="0.0" classname="Tests.RegisterTests">
    <skipped/>
  </testcase> <!-- @AfterMethod getResult -->
  <testcase name="@AfterMethod getResult" time="0.0" classname="Tests.RegisterTests">
    <skipped/>
  </testcase> <!-- @AfterMethod getResult -->
  <testcase name="@AfterMethod getResult" time="0.0" classname="Tests.RegisterTests">
    <skipped/>
  </testcase> <!-- @AfterMethod getResult -->
  <testcase name="@AfterMethod getResult" time="0.0" classname="Tests.RegisterTests">
    <skipped/>
  </testcase> <!-- @AfterMethod getResult -->
  <testcase name="@AfterMethod getResult" time="0.0" classname="Tests.RegisterTests">
    <skipped/>
  </testcase> <!-- @AfterMethod getResult -->
  <testcase name="@AfterMethod getResult" time="0.0" classname="Tests.RegisterTests">
    <skipped/>
  </testcase> <!-- @AfterMethod getResult -->
  <testcase name="@AfterMethod getResult" time="0.0" classname="Tests.RegisterTests">
    <skipped/>
  </testcase> <!-- @AfterMethod getResult -->
  <testcase name="@AfterMethod getResult" time="0.0" classname="Tests.RegisterTests">
    <skipped/>
  </testcase> <!-- @AfterMethod getResult -->
  <testcase name="@AfterMethod getResult" time="0.0" classname="Tests.RegisterTests">
    <skipped/>
  </testcase> <!-- @AfterMethod getResult -->
  <testcase name="@AfterMethod getResult" time="0.0" classname="Tests.RegisterTests">
    <skipped/>
  </testcase> <!-- @AfterMethod getResult -->
  <testcase name="@AfterMethod getResult" time="0.0" classname="Tests.RegisterTests">
    <skipped/>
  </testcase> <!-- @AfterMethod getResult -->
  <testcase name="@AfterMethod getResult" time="0.0" classname="Tests.RegisterTests">
    <skipped/>
  </testcase> <!-- @AfterMethod getResult -->
  <testcase name="@AfterMethod getResult" time="0.0" classname="Tests.RegisterTests">
    <skipped/>
  </testcase> <!-- @AfterMethod getResult -->
  <testcase name="@AfterMethod getResult" time="0.0" classname="Tests.RegisterTests">
    <skipped/>
  </testcase> <!-- @AfterMethod getResult -->
  <testcase name="@AfterMethod getResult" time="0.0" classname="Tests.RegisterTests">
    <skipped/>
  </testcase> <!-- @AfterMethod getResult -->
  <testcase name="@AfterMethod getResult" time="0.0" classname="Tests.RegisterTests">
    <skipped/>
  </testcase> <!-- @AfterMethod getResult -->
  <testcase name="@AfterMethod getResult" time="0.0" classname="Tests.RegisterTests">
    <skipped/>
  </testcase> <!-- @AfterMethod getResult -->
  <testcase name="@AfterMethod getResult" time="0.0" classname="Tests.RegisterTests">
    <skipped/>
  </testcase> <!-- @AfterMethod getResult -->
  <testcase name="@AfterMethod getResult" time="0.0" classname="Tests.RegisterTests">
    <skipped/>
  </testcase> <!-- @AfterMethod getResult -->
  <testcase name="@AfterMethod getResult" time="0.0" classname="Tests.RegisterTests">
    <skipped/>
  </testcase> <!-- @AfterMethod getResult -->
  <testcase name="@AfterMethod getResult" time="0.0" classname="Tests.RegisterTests">
    <skipped/>
  </testcase> <!-- @AfterMethod getResult -->
  <testcase name="@AfterMethod getResult" time="0.0" classname="Tests.RegisterTests">
    <skipped/>
  </testcase> <!-- @AfterMethod getResult -->
  <testcase name="@AfterMethod getResult" time="0.0" classname="Tests.RegisterTests">
    <skipped/>
  </testcase> <!-- @AfterMethod getResult -->
  <testcase name="@AfterMethod getResult" time="0.0" classname="Tests.RegisterTests">
    <skipped/>
  </testcase> <!-- @AfterMethod getResult -->
  <testcase name="@AfterMethod getResult" time="0.0" classname="Tests.RegisterTests">
    <skipped/>
  </testcase> <!-- @AfterMethod getResult -->
  <testcase name="@AfterMethod getResult" time="0.0" classname="Tests.RegisterTests">
    <skipped/>
  </testcase> <!-- @AfterMethod getResult -->
  <testcase name="@AfterMethod getResult" time="0.0" classname="Tests.RegisterTests">
    <skipped/>
  </testcase> <!-- @AfterMethod getResult -->
  <testcase name="@AfterMethod getResult" time="0.0" classname="Tests.RegisterTests">
    <skipped/>
  </testcase> <!-- @AfterMethod getResult -->
  <testcase name="@AfterMethod getResult" time="0.0" classname="Tests.RegisterTests">
    <skipped/>
  </testcase> <!-- @AfterMethod getResult -->
  <testcase name="@AfterMethod getResult" time="0.0" classname="Tests.RegisterTests">
    <skipped/>
  </testcase> <!-- @AfterMethod getResult -->
  <testcase name="@AfterMethod getResult" time="0.0" classname="Tests.RegisterTests">
    <skipped/>
  </testcase> <!-- @AfterMethod getResult -->
  <testcase name="@AfterMethod getResult" time="0.0" classname="Tests.RegisterTests">
    <skipped/>
  </testcase> <!-- @AfterMethod getResult -->
  <testcase name="@AfterMethod getResult" time="0.0" classname="Tests.RegisterTests">
    <skipped/>
  </testcase> <!-- @AfterMethod getResult -->
  <testcase name="@AfterMethod getResult" time="0.0" classname="Tests.RegisterTests">
    <skipped/>
  </testcase> <!-- @AfterMethod getResult -->
  <testcase name="@AfterMethod getResult" time="0.0" classname="Tests.RegisterTests">
    <skipped/>
  </testcase> <!-- @AfterMethod getResult -->
  <testcase name="@AfterMethod getResult" time="0.0" classname="Tests.RegisterTests">
    <skipped/>
  </testcase> <!-- @AfterMethod getResult -->
  <testcase name="@AfterMethod getResult" time="0.0" classname="Tests.RegisterTests">
    <skipped/>
  </testcase> <!-- @AfterMethod getResult -->
  <testcase name="@AfterMethod getResult" time="0.0" classname="Tests.RegisterTests">
    <skipped/>
  </testcase> <!-- @AfterMethod getResult -->
  <testcase name="@AfterMethod getResult" time="0.0" classname="Tests.RegisterTests">
    <skipped/>
  </testcase> <!-- @AfterMethod getResult -->
  <testcase name="@AfterMethod getResult" time="0.0" classname="Tests.RegisterTests">
    <skipped/>
  </testcase> <!-- @AfterMethod getResult -->
  <testcase name="@AfterMethod getResult" time="0.0" classname="Tests.RegisterTests">
    <skipped/>
  </testcase> <!-- @AfterMethod getResult -->
  <testcase name="@AfterMethod getResult" time="0.0" classname="Tests.RegisterTests">
    <skipped/>
  </testcase> <!-- @AfterMethod getResult -->
  <testcase name="@AfterMethod getResult" time="0.0" classname="Tests.RegisterTests">
    <skipped/>
  </testcase> <!-- @AfterMethod getResult -->
  <testcase name="@AfterMethod getResult" time="0.0" classname="Tests.RegisterTests">
    <skipped/>
  </testcase> <!-- @AfterMethod getResult -->
  <testcase name="@AfterMethod getResult" time="0.0" classname="Tests.RegisterTests">
    <skipped/>
  </testcase> <!-- @AfterMethod getResult -->
  <testcase name="@AfterMethod getResult" time="0.0" classname="Tests.RegisterTests">
    <skipped/>
  </testcase> <!-- @AfterMethod getResult -->
  <testcase name="@AfterMethod getResult" time="0.0" classname="Tests.RegisterTests">
    <skipped/>
  </testcase> <!-- @AfterMethod getResult -->
  <testcase name="@AfterMethod getResult" time="0.0" classname="Tests.RegisterTests">
    <skipped/>
  </testcase> <!-- @AfterMethod getResult -->
  <testcase name="@AfterMethod getResult" time="0.0" classname="Tests.RegisterTests">
    <skipped/>
  </testcase> <!-- @AfterMethod getResult -->
  <testcase name="@AfterMethod getResult" time="0.0" classname="Tests.RegisterTests">
    <skipped/>
  </testcase> <!-- @AfterMethod getResult -->
  <testcase name="@AfterMethod getResult" time="0.0" classname="Tests.RegisterTests">
    <skipped/>
  </testcase> <!-- @AfterMethod getResult -->
  <testcase name="@AfterMethod getResult" time="0.0" classname="Tests.RegisterTests">
    <skipped/>
  </testcase> <!-- @AfterMethod getResult -->
  <testcase name="@AfterMethod getResult" time="0.0" classname="Tests.LoginTest">
    <skipped/>
  </testcase> <!-- @AfterMethod getResult -->
  <testcase name="@AfterMethod getResult" time="0.0" classname="Tests.LoginTest">
    <skipped/>
  </testcase> <!-- @AfterMethod getResult -->
  <testcase name="@AfterMethod getResult" time="0.0" classname="Tests.LoginTest">
    <skipped/>
  </testcase> <!-- @AfterMethod getResult -->
  <testcase name="@AfterMethod getResult" time="0.0" classname="Tests.LoginTest">
    <skipped/>
  </testcase> <!-- @AfterMethod getResult -->
  <testcase name="@AfterMethod getResult" time="0.0" classname="Tests.LoginTest">
    <skipped/>
  </testcase> <!-- @AfterMethod getResult -->
  <testcase name="@AfterMethod getResult" time="0.0" classname="Tests.LoginTest">
    <skipped/>
  </testcase> <!-- @AfterMethod getResult -->
  <testcase name="@AfterTest end" time="0.0" classname="Tests.LoginTest">
    <skipped/>
  </testcase> <!-- @AfterTest end -->
  <testcase name="RegisterTest" time="0.014" classname="Tests.RegisterTests">
    <failure type="java.lang.NullPointerException">
      <![CDATA[java.lang.NullPointerException
	at Tests.RegisterTests.RegisterTest(RegisterTests.java:32)
	at java.util.concurrent.ThreadPoolExecutor.runWorker(Unknown Source)
	at java.util.concurrent.ThreadPoolExecutor$Worker.run(Unknown Source)
	at java.lang.Thread.run(Unknown Source)
... Removed 10 stack frames]]>
    </failure>
  </testcase> <!-- RegisterTest -->
  <testcase name="EmailTest" time="0.016" classname="Tests.EmailValid">
    <failure type="java.lang.NullPointerException">
      <![CDATA[java.lang.NullPointerException
	at Tests.EmailValid.EmailTest(EmailValid.java:35)
	at java.util.concurrent.ThreadPoolExecutor.runWorker(Unknown Source)
	at java.util.concurrent.ThreadPoolExecutor$Worker.run(Unknown Source)
	at java.lang.Thread.run(Unknown Source)
... Removed 10 stack frames]]>
    </failure>
  </testcase> <!-- EmailTest -->
  <testcase name="RegisterTest" time="0.005" classname="Tests.RegisterTests">
    <skipped/>
  </testcase> <!-- RegisterTest -->
  <testcase name="RegisterTest" time="0.002" classname="Tests.RegisterTests">
    <skipped/>
  </testcase> <!-- RegisterTest -->
  <testcase name="RegisterTest" time="0.006" classname="Tests.RegisterTests">
    <skipped/>
  </testcase> <!-- RegisterTest -->
  <testcase name="RegisterTest" time="0.003" classname="Tests.RegisterTests">
    <skipped/>
  </testcase> <!-- RegisterTest -->
  <testcase name="RegisterTest" time="0.003" classname="Tests.RegisterTests">
    <skipped/>
  </testcase> <!-- RegisterTest -->
  <testcase name="RegisterTest" time="0.001" classname="Tests.RegisterTests">
    <skipped/>
  </testcase> <!-- RegisterTest -->
  <testcase name="RegisterTest" time="0.002" classname="Tests.RegisterTests">
    <skipped/>
  </testcase> <!-- RegisterTest -->
  <testcase name="RegisterTest" time="0.0" classname="Tests.RegisterTests">
    <skipped/>
  </testcase> <!-- RegisterTest -->
  <testcase name="RegisterTest" time="0.002" classname="Tests.RegisterTests">
    <skipped/>
  </testcase> <!-- RegisterTest -->
  <testcase name="RegisterTest" time="0.0" classname="Tests.RegisterTests">
    <skipped/>
  </testcase> <!-- RegisterTest -->
  <testcase name="RegisterTest" time="0.0" classname="Tests.RegisterTests">
    <skipped/>
  </testcase> <!-- RegisterTest -->
  <testcase name="RegisterTest" time="0.0" classname="Tests.RegisterTests">
    <skipped/>
  </testcase> <!-- RegisterTest -->
  <testcase name="RegisterTest" time="0.001" classname="Tests.RegisterTests">
    <skipped/>
  </testcase> <!-- RegisterTest -->
  <testcase name="RegisterTest" time="0.002" classname="Tests.RegisterTests">
    <skipped/>
  </testcase> <!-- RegisterTest -->
  <testcase name="RegisterTest" time="0.001" classname="Tests.RegisterTests">
    <skipped/>
  </testcase> <!-- RegisterTest -->
  <testcase name="RegisterTest" time="0.001" classname="Tests.RegisterTests">
    <skipped/>
  </testcase> <!-- RegisterTest -->
  <testcase name="RegisterTest" time="0.003" classname="Tests.RegisterTests">
    <skipped/>
  </testcase> <!-- RegisterTest -->
  <testcase name="RegisterTest" time="0.003" classname="Tests.RegisterTests">
    <skipped/>
  </testcase> <!-- RegisterTest -->
  <testcase name="RegisterTest" time="0.004" classname="Tests.RegisterTests">
    <skipped/>
  </testcase> <!-- RegisterTest -->
  <testcase name="RegisterTest" time="0.003" classname="Tests.RegisterTests">
    <skipped/>
  </testcase> <!-- RegisterTest -->
  <testcase name="RegisterTest" time="0.001" classname="Tests.RegisterTests">
    <skipped/>
  </testcase> <!-- RegisterTest -->
  <testcase name="RegisterTest" time="0.004" classname="Tests.RegisterTests">
    <skipped/>
  </testcase> <!-- RegisterTest -->
  <testcase name="RegisterTest" time="0.002" classname="Tests.RegisterTests">
    <skipped/>
  </testcase> <!-- RegisterTest -->
  <testcase name="RegisterTest" time="0.001" classname="Tests.RegisterTests">
    <skipped/>
  </testcase> <!-- RegisterTest -->
  <testcase name="RegisterTest" time="0.001" classname="Tests.RegisterTests">
    <skipped/>
  </testcase> <!-- RegisterTest -->
  <testcase name="RegisterTest" time="0.001" classname="Tests.RegisterTests">
    <skipped/>
  </testcase> <!-- RegisterTest -->
  <testcase name="RegisterTest" time="0.002" classname="Tests.RegisterTests">
    <skipped/>
  </testcase> <!-- RegisterTest -->
  <testcase name="RegisterTest" time="0.001" classname="Tests.RegisterTests">
    <skipped/>
  </testcase> <!-- RegisterTest -->
  <testcase name="RegisterTest" time="0.0" classname="Tests.RegisterTests">
    <skipped/>
  </testcase> <!-- RegisterTest -->
  <testcase name="RegisterTest" time="0.001" classname="Tests.RegisterTests">
    <skipped/>
  </testcase> <!-- RegisterTest -->
  <testcase name="RegisterTest" time="0.001" classname="Tests.RegisterTests">
    <skipped/>
  </testcase> <!-- RegisterTest -->
  <testcase name="RegisterTest" time="0.0" classname="Tests.RegisterTests">
    <skipped/>
  </testcase> <!-- RegisterTest -->
  <testcase name="RegisterTest" time="0.002" classname="Tests.RegisterTests">
    <skipped/>
  </testcase> <!-- RegisterTest -->
  <testcase name="RegisterTest" time="0.0" classname="Tests.RegisterTests">
    <skipped/>
  </testcase> <!-- RegisterTest -->
  <testcase name="RegisterTest" time="0.0" classname="Tests.RegisterTests">
    <skipped/>
  </testcase> <!-- RegisterTest -->
  <testcase name="RegisterTest" time="0.001" classname="Tests.RegisterTests">
    <skipped/>
  </testcase> <!-- RegisterTest -->
  <testcase name="RegisterTest" time="0.001" classname="Tests.RegisterTests">
    <skipped/>
  </testcase> <!-- RegisterTest -->
  <testcase name="RegisterTest" time="0.001" classname="Tests.RegisterTests">
    <skipped/>
  </testcase> <!-- RegisterTest -->
  <testcase name="RegisterTest" time="0.003" classname="Tests.RegisterTests">
    <skipped/>
  </testcase> <!-- RegisterTest -->
  <testcase name="RegisterTest" time="0.003" classname="Tests.RegisterTests">
    <skipped/>
  </testcase> <!-- RegisterTest -->
  <testcase name="RegisterTest" time="0.001" classname="Tests.RegisterTests">
    <skipped/>
  </testcase> <!-- RegisterTest -->
  <testcase name="RegisterTest" time="0.001" classname="Tests.RegisterTests">
    <skipped/>
  </testcase> <!-- RegisterTest -->
  <testcase name="RegisterTest" time="0.001" classname="Tests.RegisterTests">
    <skipped/>
  </testcase> <!-- RegisterTest -->
  <testcase name="RegisterTest" time="0.0" classname="Tests.RegisterTests">
    <skipped/>
  </testcase> <!-- RegisterTest -->
  <testcase name="RegisterTest" time="0.001" classname="Tests.RegisterTests">
    <skipped/>
  </testcase> <!-- RegisterTest -->
  <testcase name="RegisterTest" time="0.002" classname="Tests.RegisterTests">
    <skipped/>
  </testcase> <!-- RegisterTest -->
  <testcase name="RegisterTest" time="0.002" classname="Tests.RegisterTests">
    <skipped/>
  </testcase> <!-- RegisterTest -->
  <testcase name="RegisterTest" time="0.0" classname="Tests.RegisterTests">
    <skipped/>
  </testcase> <!-- RegisterTest -->
  <testcase name="RegisterTest" time="0.001" classname="Tests.RegisterTests">
    <skipped/>
  </testcase> <!-- RegisterTest -->
  <testcase name="RegisterTest" time="0.001" classname="Tests.RegisterTests">
    <skipped/>
  </testcase> <!-- RegisterTest -->
  <testcase name="RegisterTest" time="0.003" classname="Tests.RegisterTests">
    <skipped/>
  </testcase> <!-- RegisterTest -->
  <testcase name="RegisterTest" time="0.001" classname="Tests.RegisterTests">
    <skipped/>
  </testcase> <!-- RegisterTest -->
  <testcase name="RegisterTest" time="0.001" classname="Tests.RegisterTests">
    <skipped/>
  </testcase> <!-- RegisterTest -->
  <testcase name="RegisterTest" time="0.001" classname="Tests.RegisterTests">
    <skipped/>
  </testcase> <!-- RegisterTest -->
  <testcase name="RegisterTest" time="0.0" classname="Tests.RegisterTests">
    <skipped/>
  </testcase> <!-- RegisterTest -->
  <testcase name="RegisterTest" time="0.001" classname="Tests.RegisterTests">
    <skipped/>
  </testcase> <!-- RegisterTest -->
  <testcase name="RegisterTest" time="0.0" classname="Tests.RegisterTests">
    <skipped/>
  </testcase> <!-- RegisterTest -->
  <testcase name="RegisterTest" time="0.001" classname="Tests.RegisterTests">
    <skipped/>
  </testcase> <!-- RegisterTest -->
  <testcase name="RegisterTest" time="0.001" classname="Tests.RegisterTests">
    <skipped/>
  </testcase> <!-- RegisterTest -->
  <testcase name="RegisterTest" time="0.001" classname="Tests.RegisterTests">
    <skipped/>
  </testcase> <!-- RegisterTest -->
  <testcase name="RegisterTest" time="0.001" classname="Tests.RegisterTests">
    <skipped/>
  </testcase> <!-- RegisterTest -->
  <testcase name="RegisterTest" time="0.001" classname="Tests.RegisterTests">
    <skipped/>
  </testcase> <!-- RegisterTest -->
  <testcase name="RegisterTest" time="0.001" classname="Tests.RegisterTests">
    <skipped/>
  </testcase> <!-- RegisterTest -->
  <testcase name="RegisterTest" time="0.0" classname="Tests.RegisterTests">
    <skipped/>
  </testcase> <!-- RegisterTest -->
  <testcase name="loginTest" time="6.709" classname="Tests.LoginTest"/>
  <testcase name="loginTest" time="0.0" classname="Tests.LoginTest">
    <skipped/>
  </testcase> <!-- loginTest -->
  <testcase name="loginTest" time="0.0" classname="Tests.LoginTest">
    <skipped/>
  </testcase> <!-- loginTest -->
  <testcase name="loginTest" time="0.001" classname="Tests.LoginTest">
    <skipped/>
  </testcase> <!-- loginTest -->
  <testcase name="loginTest" time="0.0" classname="Tests.LoginTest">
    <skipped/>
  </testcase> <!-- loginTest -->
  <testcase name="loginTest" time="0.0" classname="Tests.LoginTest">
    <skipped/>
  </testcase> <!-- loginTest -->
</testsuite> <!-- PhpTravel -->
